INFO	====== get connection , using time 428 ms
INFO	initial station segments ... 
INFO	==== begin to select station ... 
INFO	==== end of select, count = 272 , time = 0
INFO	==== begin to select station segment... 
INFO	==== end of select, count = 340 , time = 0
INFO	initial node segments ... 
INFO	==== begin to select node ... 
INFO	==== end of select, count = 106 , time = 0
INFO	==== begin to select node segment ... 
INFO	==== end of select, count = 140 , time = 0
INFO	==== set time has been updated, begin to compute, count = 1
INFO	=============== History speed ================
INFO	==== begin to select history data : from 2015-02-18 08:00:00, to 2015-02-18 09:00:00
INFO	==== select has over, using time = 0 s 
INFO	==== traverse data structure has over : all-> 183586 , unused->0 , remaining -> 183586, time -> 185 s 
INFO	**** All batches begin to compute ... 
INFO	==== set time is 2015-03-24 02:42:27 , equals configuration , count = 1
INFO	batch time : 2015-02-18 08:05:01.0----2015-02-18 08:00:00.0
INFO	all data size : 183586, one batch : 0, 13919, distinct = 8186 , same = 5732
SEVERE	''''''' wait time , sleep = 30.0 s 
INFO	==== set time is 2015-03-24 02:42:27 , equals configuration , count = 1
INFO	batch time : 2015-02-18 08:10:02.0----2015-02-18 08:05:01.0
INFO	all data size : 183586, one batch : 13919, 27960, distinct = 8133 , same = 5907
INFO	**** data size : user_data_pool -> 8186 , batch_data -> 8133
INFO	========= in one batch : new_add = 6008 , matches = 2125 { in_same_segment = 1379 , compute = 719 }
INFO	 ==== insert StationSpeed into databases, count = 340, time = 297 ms
INFO	 ==== insert NodeSegmentSpeed into databases, count = 140 , time = 164 ms
SEVERE	''''''' wait time , sleep = 29.0 s 
INFO	==== set time is 2015-03-24 02:42:27 , equals configuration , count = 1
INFO	batch time : 2015-02-18 08:15:03.0----2015-02-18 08:10:02.0
INFO	all data size : 183586, one batch : 27960, 41833, distinct = 8186 , same = 5686
INFO	**** data size : user_data_pool -> 14194 , batch_data -> 8186
INFO	========= in one batch : new_add = 5309 , matches = 2877 { in_same_segment = 1749 , compute = 1107 }
INFO	 ==== insert StationSpeed into databases, count = 340, time = 45 ms
INFO	 ==== insert NodeSegmentSpeed into databases, count = 140 , time = 18 ms
SEVERE	''''''' wait time , sleep = 30.0 s 
INFO	==== set time is 2015-03-24 02:42:27 , equals configuration , count = 1
INFO	batch time : 2015-02-18 08:20:04.0----2015-02-18 08:15:03.0
INFO	all data size : 183586, one batch : 41833, 55946, distinct = 8375 , same = 5737
INFO	**** data size : user_data_pool -> 19503 , batch_data -> 8375
INFO	========= in one batch : new_add = 4929 , matches = 3446 { in_same_segment = 2036 , compute = 1396 }
INFO	 ==== insert StationSpeed into databases, count = 340, time = 55 ms
INFO	 ==== insert NodeSegmentSpeed into databases, count = 140 , time = 22 ms
SEVERE	''''''' wait time , sleep = 30.0 s 
INFO	==== set time is 2015-03-24 02:42:27 , equals configuration , count = 1
INFO	batch time : 2015-02-18 08:25:05.0----2015-02-18 08:20:04.0
INFO	all data size : 183586, one batch : 55946, 70160, distinct = 8409 , same = 5804
INFO	**** data size : user_data_pool -> 24432 , batch_data -> 8409
INFO	========= in one batch : new_add = 4841 , matches = 3568 { in_same_segment = 2136 , compute = 1416 }
INFO	 ==== insert StationSpeed into databases, count = 340, time = 38 ms
INFO	 ==== insert NodeSegmentSpeed into databases, count = 140 , time = 21 ms
SEVERE	''''''' wait time , sleep = 30.0 s 
INFO	==== set time is 2015-03-24 02:42:27 , equals configuration , count = 1
INFO	batch time : 2015-02-18 08:30:06.0----2015-02-18 08:25:05.0
INFO	all data size : 183586, one batch : 70160, 84916, distinct = 8814 , same = 5941
INFO	**** data size : user_data_pool -> 29273 , batch_data -> 8814
INFO	========= in one batch : new_add = 4442 , matches = 4372 { in_same_segment = 2537 , compute = 1819 }
INFO	 ==== insert StationSpeed into databases, count = 340, time = 22 ms
INFO	 ==== insert NodeSegmentSpeed into databases, count = 140 , time = 16 ms
SEVERE	''''''' wait time , sleep = 30.0 s 
INFO	==== set time is 2015-03-24 02:42:27 , equals configuration , count = 1
INFO	batch time : 2015-02-18 08:35:07.0----2015-02-18 08:30:06.0
INFO	all data size : 183586, one batch : 84916, 100811, distinct = 9198 , same = 6696
INFO	**** data size : user_data_pool -> 33715 , batch_data -> 9198
INFO	========= in one batch : new_add = 4593 , matches = 4605 { in_same_segment = 2658 , compute = 1923 }
INFO	 ==== insert StationSpeed into databases, count = 340, time = 64 ms
INFO	 ==== insert NodeSegmentSpeed into databases, count = 140 , time = 22 ms
SEVERE	''''''' wait time , sleep = 30.0 s 
INFO	==== set time is 2015-03-24 02:42:27 , equals configuration , count = 1
INFO	batch time : 2015-02-18 08:40:08.0----2015-02-18 08:35:07.0
INFO	all data size : 183586, one batch : 100811, 116610, distinct = 8954 , same = 6844
INFO	**** data size : user_data_pool -> 38308 , batch_data -> 8954
INFO	========= in one batch : new_add = 4242 , matches = 4712 { in_same_segment = 2753 , compute = 1934 }
INFO	 ==== insert StationSpeed into databases, count = 340, time = 23 ms
INFO	2015-02-18 08:40:00========== removed [7796] dead car !   using time = 0 s 
INFO	 ==== insert NodeSegmentSpeed into databases, count = 140 , time = 65 ms
SEVERE	''''''' wait time , sleep = 30.0 s 
INFO	==== set time is 2015-03-24 02:42:27 , equals configuration , count = 1
INFO	batch time : 2015-02-18 08:45:09.0----2015-02-18 08:40:08.0
INFO	all data size : 183586, one batch : 116610, 132585, distinct = 9273 , same = 6701
INFO	**** data size : user_data_pool -> 34754 , batch_data -> 9273
INFO	========= in one batch : new_add = 4500 , matches = 4773 { in_same_segment = 2679 , compute = 2068 }
INFO	 ==== insert StationSpeed into databases, count = 340, time = 54 ms
INFO	 ==== insert NodeSegmentSpeed into databases, count = 140 , time = 142 ms
SEVERE	''''''' wait time , sleep = 30.0 s 
INFO	==== set time is 2015-03-24 02:42:27 , equals configuration , count = 1
INFO	batch time : 2015-02-18 08:50:10.0----2015-02-18 08:45:09.0
INFO	all data size : 183586, one batch : 132585, 148984, distinct = 9553 , same = 6845
INFO	**** data size : user_data_pool -> 39254 , batch_data -> 9553
INFO	========= in one batch : new_add = 4369 , matches = 5184 { in_same_segment = 2897 , compute = 2252 }
INFO	 ==== insert StationSpeed into databases, count = 340, time = 44 ms
INFO	 ==== insert NodeSegmentSpeed into databases, count = 140 , time = 17 ms
SEVERE	''''''' wait time , sleep = 30.0 s 
INFO	==== set time is 2015-03-24 02:42:27 , equals configuration , count = 1
INFO	batch time : 2015-02-18 08:55:11.0----2015-02-18 08:50:10.0
INFO	all data size : 183586, one batch : 148984, 166486, distinct = 10041 , same = 7460
INFO	**** data size : user_data_pool -> 43623 , batch_data -> 10041
INFO	========= in one batch : new_add = 4465 , matches = 5576 { in_same_segment = 3122 , compute = 2425 }
INFO	 ==== insert StationSpeed into databases, count = 340, time = 20 ms
INFO	 ==== insert NodeSegmentSpeed into databases, count = 140 , time = 49 ms
SEVERE	''''''' wait time , sleep = 30.0 s 
INFO	==== set time is 2015-03-24 02:42:27 , equals configuration , count = 1
INFO	all data size : 183586, one batch : 166486, 183586, distinct = 10029 , same = 7070
INFO	**** data size : user_data_pool -> 48088 , batch_data -> 10029
INFO	========= in one batch : new_add = 4290 , matches = 5739 { in_same_segment = 3185 , compute = 2520 }
INFO	 ==== insert StationSpeed into databases, count = 340, time = 25 ms
INFO	 ==== insert NodeSegmentSpeed into databases, count = 140 , time = 15 ms
SEVERE	''''''' wait time , sleep = 30.0 s 
INFO	**** All batches have finished ... count : 12 , time = 194
INFO	==== begin to select history data : from 2015-02-18 09:00:00, to 2015-02-18 10:00:00
INFO	==== select has over, using time = 0 s 
INFO	==== traverse data structure has over : all-> 246276 , unused->0 , remaining -> 246276, time -> 232 s 
INFO	**** All batches begin to compute ... 
INFO	==== set time is 2015-03-24 02:42:27 , equals configuration , count = 1
INFO	batch time : 2015-02-18 09:05:01.0----2015-02-18 09:00:00.0
INFO	all data size : 246276, one batch : 0, 19019, distinct = 10836 , same = 8182
INFO	**** data size : user_data_pool -> 52378 , batch_data -> 10836
INFO	========= in one batch : new_add = 4515 , matches = 6321 { in_same_segment = 3503 , compute = 2797 }
INFO	 ==== insert StationSpeed into databases, count = 340, time = 154 ms
INFO	 ==== insert NodeSegmentSpeed into databases, count = 140 , time = 72 ms
SEVERE	''''''' wait time , sleep = 29.0 s 
INFO	==== set time is 2015-03-24 02:42:27 , equals configuration , count = 1
INFO	batch time : 2015-02-18 09:10:02.0----2015-02-18 09:05:01.0
INFO	all data size : 246276, one batch : 19019, 38014, distinct = 10693 , same = 8301
INFO	**** data size : user_data_pool -> 56893 , batch_data -> 10693
INFO	========= in one batch : new_add = 4173 , matches = 6520 { in_same_segment = 3630 , compute = 2850 }
INFO	 ==== insert StationSpeed into databases, count = 340, time = 214 ms
INFO	2015-02-18 09:10:00========== removed [21587] dead car !   using time = 0 s 
INFO	 ==== insert NodeSegmentSpeed into databases, count = 140 , time = 137 ms
SEVERE	''''''' wait time , sleep = 29.0 s 
INFO	==== set time is 2015-03-24 02:42:27 , equals configuration , count = 1
INFO	batch time : 2015-02-18 09:15:03.0----2015-02-18 09:10:02.0
INFO	all data size : 246276, one batch : 38014, 57261, distinct = 10861 , same = 8385
INFO	**** data size : user_data_pool -> 39479 , batch_data -> 10861
INFO	========= in one batch : new_add = 5013 , matches = 5848 { in_same_segment = 3170 , compute = 2653 }
INFO	 ==== insert StationSpeed into databases, count = 340, time = 35 ms
INFO	 ==== insert NodeSegmentSpeed into databases, count = 140 , time = 71 ms
SEVERE	''''''' wait time , sleep = 29.0 s 
INFO	==== set time is 2015-03-24 02:42:27 , equals configuration , count = 1
INFO	batch time : 2015-02-18 09:20:04.0----2015-02-18 09:15:03.0
INFO	all data size : 246276, one batch : 57261, 77272, distinct = 11081 , same = 8929
INFO	**** data size : user_data_pool -> 44492 , batch_data -> 11081
INFO	========= in one batch : new_add = 4879 , matches = 6202 { in_same_segment = 3414 , compute = 2753 }
INFO	 ==== insert StationSpeed into databases, count = 340, time = 48 ms
INFO	 ==== insert NodeSegmentSpeed into databases, count = 140 , time = 43 ms
SEVERE	''''''' wait time , sleep = 29.0 s 
INFO	==== set time is 2015-03-24 02:42:27 , equals configuration , count = 1
INFO	batch time : 2015-02-18 09:25:05.0----2015-02-18 09:20:04.0
INFO	all data size : 246276, one batch : 77272, 97812, distinct = 11416 , same = 9123
INFO	**** data size : user_data_pool -> 49371 , batch_data -> 11416
INFO	========= in one batch : new_add = 4898 , matches = 6518 { in_same_segment = 3528 , compute = 2945 }
INFO	 ==== insert StationSpeed into databases, count = 340, time = 24 ms
INFO	 ==== insert NodeSegmentSpeed into databases, count = 140 , time = 20 ms
SEVERE	''''''' wait time , sleep = 29.0 s 
INFO	==== set time is 2015-03-24 02:42:27 , equals configuration , count = 1
INFO	batch time : 2015-02-18 09:30:06.0----2015-02-18 09:25:05.0
INFO	all data size : 246276, one batch : 97812, 118071, distinct = 11413 , same = 8845
INFO	**** data size : user_data_pool -> 54269 , batch_data -> 11413
INFO	========= in one batch : new_add = 4390 , matches = 7023 { in_same_segment = 3755 , compute = 3241 }
INFO	 ==== insert StationSpeed into databases, count = 340, time = 22 ms
INFO	 ==== insert NodeSegmentSpeed into databases, count = 140 , time = 13 ms
SEVERE	''''''' wait time , sleep = 29.0 s 
INFO	==== set time is 2015-03-24 02:42:27 , equals configuration , count = 1
INFO	batch time : 2015-02-18 09:35:07.0----2015-02-18 09:30:06.0
INFO	all data size : 246276, one batch : 118071, 138890, distinct = 11676 , same = 9142
INFO	**** data size : user_data_pool -> 58659 , batch_data -> 11676
INFO	========= in one batch : new_add = 4413 , matches = 7263 { in_same_segment = 3971 , compute = 3253 }
INFO	 ==== insert StationSpeed into databases, count = 340, time = 26 ms
INFO	 ==== insert NodeSegmentSpeed into databases, count = 140 , time = 18 ms
SEVERE	''''''' wait time , sleep = 29.0 s 
INFO	==== set time is 2015-03-24 02:42:27 , equals configuration , count = 1
INFO	batch time : 2015-02-18 09:40:08.0----2015-02-18 09:35:07.0
INFO	all data size : 246276, one batch : 138890, 159877, distinct = 11696 , same = 9290
INFO	**** data size : user_data_pool -> 63072 , batch_data -> 11696
INFO	========= in one batch : new_add = 4369 , matches = 7327 { in_same_segment = 3961 , compute = 3323 }
INFO	 ==== insert StationSpeed into databases, count = 340, time = 29 ms
INFO	2015-02-18 09:40:00========== removed [23856] dead car !   using time = 0 s 
INFO	 ==== insert NodeSegmentSpeed into databases, count = 140 , time = 11 ms
SEVERE	''''''' wait time , sleep = 29.0 s 
INFO	==== set time is 2015-03-24 02:42:27 , equals configuration , count = 1
INFO	batch time : 2015-02-18 09:45:09.0----2015-02-18 09:40:08.0
INFO	all data size : 246276, one batch : 159877, 181757, distinct = 12191 , same = 9688
INFO	**** data size : user_data_pool -> 43585 , batch_data -> 12191
INFO	========= in one batch : new_add = 5393 , matches = 6798 { in_same_segment = 3597 , compute = 3165 }
INFO	 ==== insert StationSpeed into databases, count = 340, time = 78 ms
INFO	 ==== insert NodeSegmentSpeed into databases, count = 140 , time = 17 ms
SEVERE	''''''' wait time , sleep = 29.0 s 
INFO	==== set time is 2015-03-24 02:42:27 , equals configuration , count = 1
INFO	batch time : 2015-02-18 09:50:10.0----2015-02-18 09:45:09.0
INFO	all data size : 246276, one batch : 181757, 203134, distinct = 12034 , same = 9342
INFO	**** data size : user_data_pool -> 48978 , batch_data -> 12034
INFO	========= in one batch : new_add = 5053 , matches = 6981 { in_same_segment = 3711 , compute = 3238 }
INFO	 ==== insert StationSpeed into databases, count = 340, time = 40 ms
INFO	 ==== insert NodeSegmentSpeed into databases, count = 140 , time = 16 ms
SEVERE	''''''' wait time , sleep = 29.0 s 
INFO	==== set time is 2015-03-24 02:42:27 , equals configuration , count = 1
INFO	batch time : 2015-02-18 09:55:11.0----2015-02-18 09:50:10.0
INFO	all data size : 246276, one batch : 203134, 225532, distinct = 12284 , same = 10113
INFO	**** data size : user_data_pool -> 54031 , batch_data -> 12284
INFO	========= in one batch : new_add = 4844 , matches = 7440 { in_same_segment = 3867 , compute = 3527 }
INFO	 ==== insert StationSpeed into databases, count = 340, time = 72 ms
INFO	 ==== insert NodeSegmentSpeed into databases, count = 140 , time = 12 ms
SEVERE	''''''' wait time , sleep = 29.0 s 
INFO	==== set time is 2015-03-24 02:42:27 , equals configuration , count = 1
INFO	all data size : 246276, one batch : 225532, 246276, distinct = 11956 , same = 8787
INFO	**** data size : user_data_pool -> 58875 , batch_data -> 11956
INFO	========= in one batch : new_add = 4470 , matches = 7486 { in_same_segment = 3925 , compute = 3520 }
INFO	 ==== insert StationSpeed into databases, count = 340, time = 35 ms
INFO	 ==== insert NodeSegmentSpeed into databases, count = 140 , time = 12 ms
SEVERE	''''''' wait time , sleep = 29.0 s 
INFO	**** All batches have finished ... count : 12 , time = 249
INFO	==== begin to select history data : from 2015-02-18 10:00:00, to 2015-02-18 11:00:00
INFO	==== select has over, using time = 0 s 
INFO	==== traverse data structure has over : all-> 277899 , unused->0 , remaining -> 277899, time -> 252 s 
INFO	**** All batches begin to compute ... 
INFO	==== set time is 2015-03-24 02:42:27 , equals configuration , count = 1
INFO	batch time : 2015-02-18 10:05:01.0----2015-02-18 10:00:00.0
INFO	all data size : 277899, one batch : 0, 23297, distinct = 13209 , same = 10087
INFO	**** data size : user_data_pool -> 63345 , batch_data -> 13209
INFO	========= in one batch : new_add = 4847 , matches = 8362 { in_same_segment = 4311 , compute = 4005 }
INFO	 ==== insert StationSpeed into databases, count = 340, time = 71 ms
INFO	 ==== insert NodeSegmentSpeed into databases, count = 140 , time = 81 ms
SEVERE	''''''' wait time , sleep = 28.0 s 
INFO	==== set time is 2015-03-24 02:42:27 , equals configuration , count = 1
INFO	batch time : 2015-02-18 10:10:02.0----2015-02-18 10:05:01.0
INFO	all data size : 277899, one batch : 23297, 46931, distinct = 13307 , same = 10326
INFO	**** data size : user_data_pool -> 68192 , batch_data -> 13307
INFO	========= in one batch : new_add = 4751 , matches = 8556 { in_same_segment = 4568 , compute = 3944 }
INFO	 ==== insert StationSpeed into databases, count = 340, time = 93 ms
INFO	2015-02-18 10:10:00========== removed [25721] dead car !   using time = 0 s 
INFO	 ==== insert NodeSegmentSpeed into databases, count = 140 , time = 23 ms
SEVERE	''''''' wait time , sleep = 28.0 s 
INFO	==== set time is 2015-03-24 02:42:27 , equals configuration , count = 1
INFO	batch time : 2015-02-18 10:15:03.0----2015-02-18 10:10:02.0
INFO	all data size : 277899, one batch : 46931, 70564, distinct = 13034 , same = 10598
INFO	**** data size : user_data_pool -> 47222 , batch_data -> 13034
INFO	========= in one batch : new_add = 5460 , matches = 7574 { in_same_segment = 3896 , compute = 3634 }
INFO	 ==== insert StationSpeed into databases, count = 340, time = 36 ms
INFO	 ==== insert NodeSegmentSpeed into databases, count = 140 , time = 27 ms
SEVERE	''''''' wait time , sleep = 29.0 s 
INFO	==== set time is 2015-03-24 02:42:27 , equals configuration , count = 1
INFO	batch time : 2015-02-18 10:20:04.0----2015-02-18 10:15:03.0
INFO	all data size : 277899, one batch : 70564, 93860, distinct = 12776 , same = 10519
INFO	**** data size : user_data_pool -> 52682 , batch_data -> 12776
INFO	========= in one batch : new_add = 5004 , matches = 7772 { in_same_segment = 4062 , compute = 3669 }
INFO	 ==== insert StationSpeed into databases, count = 340, time = 61 ms
INFO	 ==== insert NodeSegmentSpeed into databases, count = 140 , time = 14 ms
SEVERE	''''''' wait time , sleep = 29.0 s 
INFO	==== set time is 2015-03-24 02:42:27 , equals configuration , count = 1
INFO	batch time : 2015-02-18 10:25:05.0----2015-02-18 10:20:04.0
INFO	all data size : 277899, one batch : 93860, 117011, distinct = 12858 , same = 10292
INFO	**** data size : user_data_pool -> 57686 , batch_data -> 12858
INFO	========= in one batch : new_add = 4798 , matches = 8060 { in_same_segment = 4171 , compute = 3850 }
INFO	 ==== insert StationSpeed into databases, count = 340, time = 29 ms
INFO	 ==== insert NodeSegmentSpeed into databases, count = 140 , time = 11 ms
SEVERE	''''''' wait time , sleep = 29.0 s 
INFO	==== set time is 2015-03-24 02:42:27 , equals configuration , count = 1
INFO	batch time : 2015-02-18 10:30:06.0----2015-02-18 10:25:05.0
INFO	all data size : 277899, one batch : 117011, 139594, distinct = 12463 , same = 10119
INFO	**** data size : user_data_pool -> 62484 , batch_data -> 12463
INFO	========= in one batch : new_add = 4466 , matches = 7997 { in_same_segment = 4124 , compute = 3834 }
INFO	 ==== insert StationSpeed into databases, count = 340, time = 30 ms
INFO	 ==== insert NodeSegmentSpeed into databases, count = 140 , time = 13 ms
SEVERE	''''''' wait time , sleep = 29.0 s 
INFO	==== set time is 2015-03-24 02:42:27 , equals configuration , count = 1
INFO	batch time : 2015-02-18 10:35:07.0----2015-02-18 10:30:06.0
INFO	all data size : 277899, one batch : 139594, 162825, distinct = 12769 , same = 10461
INFO	**** data size : user_data_pool -> 66950 , batch_data -> 12769
INFO	========= in one batch : new_add = 4556 , matches = 8213 { in_same_segment = 4272 , compute = 3904 }
INFO	 ==== insert StationSpeed into databases, count = 340, time = 25 ms
INFO	 ==== insert NodeSegmentSpeed into databases, count = 140 , time = 31 ms
SEVERE	''''''' wait time , sleep = 29.0 s 
INFO	==== set time is 2015-03-24 02:42:27 , equals configuration , count = 1
INFO	batch time : 2015-02-18 10:40:08.0----2015-02-18 10:35:07.0
INFO	all data size : 277899, one batch : 162825, 186062, distinct = 12806 , same = 10430
INFO	**** data size : user_data_pool -> 71506 , batch_data -> 12806
INFO	========= in one batch : new_add = 4413 , matches = 8393 { in_same_segment = 4366 , compute = 3994 }
INFO	 ==== insert StationSpeed into databases, count = 340, time = 44 ms
INFO	2015-02-18 10:40:00========== removed [28158] dead car !   using time = 0 s 
INFO	 ==== insert NodeSegmentSpeed into databases, count = 140 , time = 31 ms
SEVERE	''''''' wait time , sleep = 29.0 s 
INFO	==== set time is 2015-03-24 02:42:27 , equals configuration , count = 1
INFO	batch time : 2015-02-18 10:45:09.0----2015-02-18 10:40:08.0
INFO	all data size : 277899, one batch : 186062, 209162, distinct = 12681 , same = 10418
INFO	**** data size : user_data_pool -> 47761 , batch_data -> 12681
INFO	========= in one batch : new_add = 5253 , matches = 7428 { in_same_segment = 3900 , compute = 3486 }
INFO	 ==== insert StationSpeed into databases, count = 340, time = 31 ms
INFO	 ==== insert NodeSegmentSpeed into databases, count = 140 , time = 24 ms
SEVERE	''''''' wait time , sleep = 29.0 s 
INFO	==== set time is 2015-03-24 02:42:27 , equals configuration , count = 1
INFO	batch time : 2015-02-18 10:50:10.0----2015-02-18 10:45:09.0
INFO	all data size : 277899, one batch : 209162, 232345, distinct = 12771 , same = 10411
INFO	**** data size : user_data_pool -> 53014 , batch_data -> 12771
INFO	========= in one batch : new_add = 5022 , matches = 7749 { in_same_segment = 4142 , compute = 3566 }
INFO	 ==== insert StationSpeed into databases, count = 340, time = 74 ms
INFO	 ==== insert NodeSegmentSpeed into databases, count = 140 , time = 16 ms
SEVERE	''''''' wait time , sleep = 29.0 s 
INFO	==== set time is 2015-03-24 02:42:27 , equals configuration , count = 1
INFO	batch time : 2015-02-18 10:55:11.0----2015-02-18 10:50:10.0
INFO	all data size : 277899, one batch : 232345, 255709, distinct = 12794 , same = 10569
INFO	**** data size : user_data_pool -> 58036 , batch_data -> 12794
INFO	========= in one batch : new_add = 4801 , matches = 7993 { in_same_segment = 4261 , compute = 3696 }
INFO	 ==== insert StationSpeed into databases, count = 340, time = 35 ms
INFO	 ==== insert NodeSegmentSpeed into databases, count = 140 , time = 23 ms
SEVERE	''''''' wait time , sleep = 29.0 s 
INFO	==== set time is 2015-03-24 02:42:27 , equals configuration , count = 1
INFO	all data size : 277899, one batch : 255709, 277899, distinct = 12401 , same = 9788
INFO	**** data size : user_data_pool -> 62837 , batch_data -> 12401
INFO	========= in one batch : new_add = 4280 , matches = 8121 { in_same_segment = 4314 , compute = 3769 }
INFO	 ==== insert StationSpeed into databases, count = 340, time = 35 ms
INFO	 ==== insert NodeSegmentSpeed into databases, count = 140 , time = 11 ms
SEVERE	''''''' wait time , sleep = 29.0 s 
INFO	**** All batches have finished ... count : 12 , time = 274
INFO	==== begin to select history data : from 2015-02-18 11:00:00, to 2015-02-18 12:00:00
INFO	==== select has over, using time = 0 s 
INFO	==== traverse data structure has over : all-> 240274 , unused->0 , remaining -> 240274, time -> 219 s 
INFO	**** All batches begin to compute ... 
INFO	==== set time is 2015-03-24 02:42:27 , equals configuration , count = 1
INFO	batch time : 2015-02-18 11:05:01.0----2015-02-18 11:00:00.0
INFO	all data size : 240274, one batch : 0, 23316, distinct = 12789 , same = 10526
INFO	**** data size : user_data_pool -> 67117 , batch_data -> 12789
INFO	========= in one batch : new_add = 4338 , matches = 8451 { in_same_segment = 4593 , compute = 3822 }
INFO	 ==== insert StationSpeed into databases, count = 340, time = 101 ms
INFO	 ==== insert NodeSegmentSpeed into databases, count = 140 , time = 44 ms
SEVERE	''''''' wait time , sleep = 29.0 s 
INFO	==== set time is 2015-03-24 02:42:27 , equals configuration , count = 1
INFO	batch time : 2015-02-18 11:10:02.0----2015-02-18 11:05:01.0
INFO	all data size : 240274, one batch : 23316, 46045, distinct = 12625 , same = 10103
INFO	**** data size : user_data_pool -> 71455 , batch_data -> 12625
INFO	========= in one batch : new_add = 4291 , matches = 8334 { in_same_segment = 4579 , compute = 3722 }
INFO	 ==== insert StationSpeed into databases, count = 340, time = 448 ms
INFO	2015-02-18 11:10:00========== removed [28460] dead car !   using time = 0 s 
INFO	 ==== insert NodeSegmentSpeed into databases, count = 140 , time = 53 ms
SEVERE	''''''' wait time , sleep = 28.0 s 
INFO	==== set time is 2015-03-24 02:42:27 , equals configuration , count = 1
INFO	batch time : 2015-02-18 11:15:03.0----2015-02-18 11:10:02.0
INFO	all data size : 240274, one batch : 46045, 68027, distinct = 12276 , same = 9705
INFO	**** data size : user_data_pool -> 47286 , batch_data -> 12276
INFO	========= in one batch : new_add = 5056 , matches = 7220 { in_same_segment = 3914 , compute = 3269 }
INFO	 ==== insert StationSpeed into databases, count = 340, time = 39 ms
INFO	 ==== insert NodeSegmentSpeed into databases, count = 140 , time = 11 ms
SEVERE	''''''' wait time , sleep = 29.0 s 
INFO	==== set time is 2015-03-24 02:42:27 , equals configuration , count = 1
INFO	batch time : 2015-02-18 11:20:04.0----2015-02-18 11:15:03.0
INFO	all data size : 240274, one batch : 68027, 89985, distinct = 12293 , same = 9664
INFO	**** data size : user_data_pool -> 52342 , batch_data -> 12293
INFO	========= in one batch : new_add = 4863 , matches = 7430 { in_same_segment = 3982 , compute = 3403 }
INFO	 ==== insert StationSpeed into databases, count = 340, time = 52 ms
INFO	 ==== insert NodeSegmentSpeed into databases, count = 140 , time = 47 ms
SEVERE	''''''' wait time , sleep = 29.0 s 
INFO	==== set time is 2015-03-24 02:42:27 , equals configuration , count = 1
INFO	batch time : 2015-02-18 11:25:05.0----2015-02-18 11:20:04.0
INFO	all data size : 240274, one batch : 89985, 111787, distinct = 12036 , same = 9765
INFO	**** data size : user_data_pool -> 57205 , batch_data -> 12036
INFO	========= in one batch : new_add = 4532 , matches = 7504 { in_same_segment = 4183 , compute = 3280 }
INFO	 ==== insert StationSpeed into databases, count = 340, time = 36 ms
INFO	 ==== insert NodeSegmentSpeed into databases, count = 140 , time = 17 ms
SEVERE	''''''' wait time , sleep = 29.0 s 
INFO	==== set time is 2015-03-24 02:42:27 , equals configuration , count = 1
INFO	batch time : 2015-02-18 11:30:06.0----2015-02-18 11:25:05.0
INFO	all data size : 240274, one batch : 111787, 133372, distinct = 11955 , same = 9629
INFO	**** data size : user_data_pool -> 61737 , batch_data -> 11955
INFO	========= in one batch : new_add = 4312 , matches = 7643 { in_same_segment = 4155 , compute = 3457 }
INFO	 ==== insert StationSpeed into databases, count = 340, time = 71 ms
INFO	 ==== insert NodeSegmentSpeed into databases, count = 140 , time = 19 ms
SEVERE	''''''' wait time , sleep = 29.0 s 
INFO	==== set time is 2015-03-24 02:42:27 , equals configuration , count = 1
INFO	batch time : 2015-02-18 11:35:07.0----2015-02-18 11:30:06.0
INFO	all data size : 240274, one batch : 133372, 154933, distinct = 11872 , same = 9688
INFO	**** data size : user_data_pool -> 66049 , batch_data -> 11872
INFO	========= in one batch : new_add = 3955 , matches = 7917 { in_same_segment = 4529 , compute = 3351 }
INFO	 ==== insert StationSpeed into databases, count = 340, time = 21 ms
INFO	 ==== insert NodeSegmentSpeed into databases, count = 140 , time = 12 ms
SEVERE	''''''' wait time , sleep = 29.0 s 
INFO	==== set time is 2015-03-24 02:42:27 , equals configuration , count = 1
INFO	batch time : 2015-02-18 11:40:08.0----2015-02-18 11:35:07.0
INFO	all data size : 240274, one batch : 154933, 176326, distinct = 11798 , same = 9594
INFO	**** data size : user_data_pool -> 70004 , batch_data -> 11798
INFO	========= in one batch : new_add = 3944 , matches = 7854 { in_same_segment = 4358 , compute = 3466 }
INFO	 ==== insert StationSpeed into databases, count = 340, time = 30 ms
INFO	2015-02-18 11:40:00========== removed [28917] dead car !   using time = 0 s 
INFO	 ==== insert NodeSegmentSpeed into databases, count = 140 , time = 26 ms
SEVERE	''''''' wait time , sleep = 29.0 s 
INFO	==== set time is 2015-03-24 02:42:27 , equals configuration , count = 1
INFO	batch time : 2015-02-18 11:45:09.0----2015-02-18 11:40:08.0
INFO	all data size : 240274, one batch : 176326, 197475, distinct = 11469 , same = 9679
INFO	**** data size : user_data_pool -> 45031 , batch_data -> 11469
INFO	========= in one batch : new_add = 4756 , matches = 6713 { in_same_segment = 3732 , compute = 2950 }
INFO	 ==== insert StationSpeed into databases, count = 340, time = 118 ms
INFO	 ==== insert NodeSegmentSpeed into databases, count = 140 , time = 27 ms
SEVERE	''''''' wait time , sleep = 29.0 s 
INFO	==== set time is 2015-03-24 02:42:27 , equals configuration , count = 1
INFO	batch time : 2015-02-18 11:50:10.0----2015-02-18 11:45:09.0
INFO	all data size : 240274, one batch : 197475, 217852, distinct = 11256 , same = 9120
INFO	**** data size : user_data_pool -> 49787 , batch_data -> 11256
INFO	========= in one batch : new_add = 4458 , matches = 6798 { in_same_segment = 3932 , compute = 2835 }
INFO	 ==== insert StationSpeed into databases, count = 340, time = 48 ms
INFO	 ==== insert NodeSegmentSpeed into databases, count = 140 , time = 47 ms
SEVERE	''''''' wait time , sleep = 29.0 s 
INFO	==== set time is 2015-03-24 02:42:27 , equals configuration , count = 1
INFO	batch time : 2015-02-18 11:55:11.0----2015-02-18 11:50:10.0
INFO	all data size : 240274, one batch : 217852, 237517, distinct = 10978 , same = 8686
INFO	**** data size : user_data_pool -> 54245 , batch_data -> 10978
INFO	========= in one batch : new_add = 4093 , matches = 6885 { in_same_segment = 3916 , compute = 2938 }
INFO	 ==== insert StationSpeed into databases, count = 340, time = 73 ms
INFO	 ==== insert NodeSegmentSpeed into databases, count = 140 , time = 61 ms
SEVERE	''''''' wait time , sleep = 29.0 s 
INFO	==== set time is 2015-03-24 02:42:27 , equals configuration , count = 1
INFO	all data size : 240274, one batch : 237517, 240274, distinct = 2066 , same = 690
INFO	**** data size : user_data_pool -> 58338 , batch_data -> 2066
INFO	========= in one batch : new_add = 577 , matches = 1489 { in_same_segment = 949 , compute = 499 }
INFO	 ==== insert StationSpeed into databases, count = 340, time = 38 ms
INFO	 ==== insert NodeSegmentSpeed into databases, count = 140 , time = 24 ms
SEVERE	''''''' wait time , sleep = 30.0 s 
INFO	**** All batches have finished ... count : 12 , time = 236
INFO	==== begin to select history data : from 2015-02-18 12:00:00, to 2015-02-18 13:00:00
INFO	==== select has over, using time = 0 s 
INFO	==== traverse data structure has over : all-> 224420 , unused->0 , remaining -> 224420, time -> 208 s 
INFO	**** All batches begin to compute ... 
INFO	==== set time is 2015-03-24 02:42:27 , equals configuration , count = 1
INFO	batch time : 2015-02-18 12:05:01.0----2015-02-18 12:00:00.0
INFO	all data size : 224420, one batch : 0, 16921, distinct = 9611 , same = 7309
INFO	**** data size : user_data_pool -> 58915 , batch_data -> 9611
INFO	========= in one batch : new_add = 3893 , matches = 5718 { in_same_segment = 3308 , compute = 2406 }
INFO	 ==== insert StationSpeed into databases, count = 340, time = 92 ms
INFO	 ==== insert NodeSegmentSpeed into databases, count = 140 , time = 30 ms
SEVERE	''''''' wait time , sleep = 29.0 s 
INFO	==== set time is 2015-03-24 02:42:27 , equals configuration , count = 1
INFO	batch time : 2015-02-18 12:10:02.0----2015-02-18 12:05:01.0
INFO	all data size : 224420, one batch : 16921, 36358, distinct = 10817 , same = 8619
INFO	**** data size : user_data_pool -> 62808 , batch_data -> 10817
INFO	========= in one batch : new_add = 4061 , matches = 6756 { in_same_segment = 3972 , compute = 2769 }
INFO	 ==== insert StationSpeed into databases, count = 340, time = 25 ms
INFO	2015-02-18 12:10:00========== removed [29391] dead car !   using time = 0 s 
INFO	 ==== insert NodeSegmentSpeed into databases, count = 140 , time = 27 ms
SEVERE	''''''' wait time , sleep = 29.0 s 
INFO	==== set time is 2015-03-24 02:42:27 , equals configuration , count = 1
INFO	batch time : 2015-02-18 12:15:03.0----2015-02-18 12:10:02.0
INFO	all data size : 224420, one batch : 36358, 55345, distinct = 10580 , same = 8406
INFO	**** data size : user_data_pool -> 37478 , batch_data -> 10580
INFO	========= in one batch : new_add = 4960 , matches = 5620 { in_same_segment = 3300 , compute = 2289 }
INFO	 ==== insert StationSpeed into databases, count = 340, time = 35 ms
INFO	 ==== insert NodeSegmentSpeed into databases, count = 140 , time = 14 ms
SEVERE	''''''' wait time , sleep = 29.0 s 
INFO	==== set time is 2015-03-24 02:42:27 , equals configuration , count = 1
INFO	batch time : 2015-02-18 12:20:04.0----2015-02-18 12:15:03.0
INFO	all data size : 224420, one batch : 55345, 74590, distinct = 10566 , same = 8678
INFO	**** data size : user_data_pool -> 42438 , batch_data -> 10566
INFO	========= in one batch : new_add = 4741 , matches = 5825 { in_same_segment = 3457 , compute = 2334 }
INFO	 ==== insert StationSpeed into databases, count = 340, time = 44 ms
INFO	 ==== insert NodeSegmentSpeed into databases, count = 140 , time = 11 ms
SEVERE	''''''' wait time , sleep = 29.0 s 
INFO	==== set time is 2015-03-24 02:42:27 , equals configuration , count = 1
INFO	batch time : 2015-02-18 12:25:05.0----2015-02-18 12:20:04.0
INFO	all data size : 224420, one batch : 74590, 93899, distinct = 10645 , same = 8663
INFO	**** data size : user_data_pool -> 47179 , batch_data -> 10645
INFO	========= in one batch : new_add = 4562 , matches = 6083 { in_same_segment = 3749 , compute = 2308 }
INFO	 ==== insert StationSpeed into databases, count = 340, time = 28 ms
INFO	 ==== insert NodeSegmentSpeed into databases, count = 140 , time = 16 ms
SEVERE	''''''' wait time , sleep = 29.0 s 
INFO	==== set time is 2015-03-24 02:42:27 , equals configuration , count = 1
INFO	batch time : 2015-02-18 12:30:06.0----2015-02-18 12:25:05.0
INFO	all data size : 224420, one batch : 93899, 112827, distinct = 10594 , same = 8333
INFO	**** data size : user_data_pool -> 51741 , batch_data -> 10594
INFO	========= in one batch : new_add = 4136 , matches = 6458 { in_same_segment = 3870 , compute = 2556 }
INFO	 ==== insert StationSpeed into databases, count = 340, time = 84 ms
INFO	 ==== insert NodeSegmentSpeed into databases, count = 140 , time = 40 ms
SEVERE	''''''' wait time , sleep = 29.0 s 
INFO	==== set time is 2015-03-24 02:42:27 , equals configuration , count = 1
INFO	batch time : 2015-02-18 12:35:07.0----2015-02-18 12:30:06.0
INFO	all data size : 224420, one batch : 112827, 131805, distinct = 10453 , same = 8524
INFO	**** data size : user_data_pool -> 55877 , batch_data -> 10453
INFO	========= in one batch : new_add = 3943 , matches = 6510 { in_same_segment = 3965 , compute = 2513 }
INFO	 ==== insert StationSpeed into databases, count = 340, time = 57 ms
INFO	 ==== insert NodeSegmentSpeed into databases, count = 140 , time = 35 ms
SEVERE	''''''' wait time , sleep = 29.0 s 
INFO	==== set time is 2015-03-24 02:42:27 , equals configuration , count = 1
INFO	batch time : 2015-02-18 12:40:08.0----2015-02-18 12:35:07.0
INFO	all data size : 224420, one batch : 131805, 150376, distinct = 10335 , same = 8235
INFO	**** data size : user_data_pool -> 59820 , batch_data -> 10335
INFO	========= in one batch : new_add = 3890 , matches = 6445 { in_same_segment = 4016 , compute = 2396 }
INFO	 ==== insert StationSpeed into databases, count = 340, time = 54 ms
INFO	2015-02-18 12:40:00========== removed [23437] dead car !   using time = 0 s 
INFO	 ==== insert NodeSegmentSpeed into databases, count = 140 , time = 41 ms
SEVERE	''''''' wait time , sleep = 29.0 s 
INFO	==== set time is 2015-03-24 02:42:27 , equals configuration , count = 1
INFO	batch time : 2015-02-18 12:45:09.0----2015-02-18 12:40:08.0
INFO	all data size : 224420, one batch : 150376, 168875, distinct = 10436 , same = 8062
INFO	**** data size : user_data_pool -> 40273 , batch_data -> 10436
INFO	========= in one batch : new_add = 4635 , matches = 5801 { in_same_segment = 3487 , compute = 2292 }
INFO	 ==== insert StationSpeed into databases, count = 340, time = 36 ms
INFO	 ==== insert NodeSegmentSpeed into databases, count = 140 , time = 10 ms
SEVERE	''''''' wait time , sleep = 29.0 s 
INFO	==== set time is 2015-03-24 02:42:27 , equals configuration , count = 1
INFO	batch time : 2015-02-18 12:50:10.0----2015-02-18 12:45:09.0
INFO	all data size : 224420, one batch : 168875, 187271, distinct = 10184 , same = 8211
INFO	**** data size : user_data_pool -> 44908 , batch_data -> 10184
INFO	========= in one batch : new_add = 4393 , matches = 5791 { in_same_segment = 3599 , compute = 2175 }
INFO	 ==== insert StationSpeed into databases, count = 340, time = 29 ms
INFO	 ==== insert NodeSegmentSpeed into databases, count = 140 , time = 91 ms
SEVERE	''''''' wait time , sleep = 29.0 s 
INFO	==== set time is 2015-03-24 02:42:27 , equals configuration , count = 1
INFO	batch time : 2015-02-18 12:55:11.0----2015-02-18 12:50:10.0
INFO	all data size : 224420, one batch : 187271, 206394, distinct = 10413 , same = 8709
INFO	**** data size : user_data_pool -> 49301 , batch_data -> 10413
INFO	========= in one batch : new_add = 4177 , matches = 6236 { in_same_segment = 3822 , compute = 2390 }
INFO	 ==== insert StationSpeed into databases, count = 340, time = 36 ms
INFO	 ==== insert NodeSegmentSpeed into databases, count = 140 , time = 16 ms
SEVERE	''''''' wait time , sleep = 29.0 s 
INFO	==== set time is 2015-03-24 02:42:27 , equals configuration , count = 1
INFO	all data size : 224420, one batch : 206394, 224420, distinct = 10134 , same = 7891
INFO	**** data size : user_data_pool -> 53478 , batch_data -> 10134
INFO	========= in one batch : new_add = 3940 , matches = 6194 { in_same_segment = 3768 , compute = 2398 }
INFO	 ==== insert StationSpeed into databases, count = 340, time = 19 ms
INFO	 ==== insert NodeSegmentSpeed into databases, count = 140 , time = 21 ms
SEVERE	''''''' wait time , sleep = 30.0 s 
INFO	**** All batches have finished ... count : 12 , time = 226
INFO	==== begin to select history data : from 2015-02-18 13:00:00, to 2015-02-18 14:00:00
INFO	==== select has over, using time = 0 s 
INFO	==== traverse data structure has over : all-> 217695 , unused->0 , remaining -> 217695, time -> 193 s 
INFO	**** All batches begin to compute ... 
INFO	==== set time is 2015-03-24 02:42:27 , equals configuration , count = 1
INFO	batch time : 2015-02-18 13:05:01.0----2015-02-18 13:00:00.0
INFO	all data size : 217695, one batch : 0, 19102, distinct = 10703 , same = 8398
INFO	**** data size : user_data_pool -> 57418 , batch_data -> 10703
INFO	========= in one batch : new_add = 4117 , matches = 6586 { in_same_segment = 4103 , compute = 2459 }
INFO	 ==== insert StationSpeed into databases, count = 340, time = 34 ms
INFO	 ==== insert NodeSegmentSpeed into databases, count = 140 , time = 33 ms
SEVERE	''''''' wait time , sleep = 30.0 s 
INFO	==== set time is 2015-03-24 02:42:27 , equals configuration , count = 1
INFO	batch time : 2015-02-18 13:10:02.0----2015-02-18 13:05:01.0
INFO	all data size : 217695, one batch : 19102, 37633, distinct = 10327 , same = 8203
INFO	**** data size : user_data_pool -> 61535 , batch_data -> 10327
INFO	========= in one batch : new_add = 3906 , matches = 6421 { in_same_segment = 3991 , compute = 2397 }
INFO	 ==== insert StationSpeed into databases, count = 340, time = 27 ms
INFO	2015-02-18 13:10:00========== removed [25437] dead car !   using time = 0 s 
INFO	 ==== insert NodeSegmentSpeed into databases, count = 140 , time = 17 ms
SEVERE	''''''' wait time , sleep = 30.0 s 
INFO	==== set time is 2015-03-24 02:42:27 , equals configuration , count = 1
INFO	batch time : 2015-02-18 13:15:03.0----2015-02-18 13:10:02.0
INFO	all data size : 217695, one batch : 37633, 56174, distinct = 10471 , same = 8069
INFO	**** data size : user_data_pool -> 40004 , batch_data -> 10471
INFO	========= in one batch : new_add = 4641 , matches = 5830 { in_same_segment = 3509 , compute = 2296 }
INFO	 ==== insert StationSpeed into databases, count = 340, time = 45 ms
INFO	 ==== insert NodeSegmentSpeed into databases, count = 140 , time = 24 ms
SEVERE	''''''' wait time , sleep = 30.0 s 
INFO	==== set time is 2015-03-24 02:42:27 , equals configuration , count = 1
INFO	batch time : 2015-02-18 13:20:04.0----2015-02-18 13:15:03.0
INFO	all data size : 217695, one batch : 56174, 74162, distinct = 10130 , same = 7857
INFO	**** data size : user_data_pool -> 44645 , batch_data -> 10130
INFO	========= in one batch : new_add = 4379 , matches = 5751 { in_same_segment = 3549 , compute = 2179 }
INFO	 ==== insert StationSpeed into databases, count = 340, time = 49 ms
INFO	 ==== insert NodeSegmentSpeed into databases, count = 140 , time = 12 ms
SEVERE	''''''' wait time , sleep = 30.0 s 
INFO	==== set time is 2015-03-24 02:42:27 , equals configuration , count = 1
INFO	batch time : 2015-02-18 13:25:05.0----2015-02-18 13:20:04.0
INFO	all data size : 217695, one batch : 74162, 92284, distinct = 10200 , same = 7921
INFO	**** data size : user_data_pool -> 49024 , batch_data -> 10200
INFO	========= in one batch : new_add = 4321 , matches = 5879 { in_same_segment = 3633 , compute = 2226 }
INFO	 ==== insert StationSpeed into databases, count = 340, time = 63 ms
INFO	 ==== insert NodeSegmentSpeed into databases, count = 140 , time = 12 ms
SEVERE	''''''' wait time , sleep = 30.0 s 
INFO	==== set time is 2015-03-24 02:42:27 , equals configuration , count = 1
INFO	batch time : 2015-02-18 13:30:06.0----2015-02-18 13:25:05.0
INFO	all data size : 217695, one batch : 92284, 111125, distinct = 10294 , same = 8546
INFO	**** data size : user_data_pool -> 53345 , batch_data -> 10294
INFO	========= in one batch : new_add = 4074 , matches = 6220 { in_same_segment = 3829 , compute = 2367 }
INFO	 ==== insert StationSpeed into databases, count = 340, time = 40 ms
INFO	 ==== insert NodeSegmentSpeed into databases, count = 140 , time = 36 ms
SEVERE	''''''' wait time , sleep = 30.0 s 
INFO	==== set time is 2015-03-24 02:42:27 , equals configuration , count = 1
INFO	batch time : 2015-02-18 13:35:07.0----2015-02-18 13:30:06.0
INFO	all data size : 217695, one batch : 111125, 129892, distinct = 10310 , same = 8456
INFO	**** data size : user_data_pool -> 57419 , batch_data -> 10310
INFO	========= in one batch : new_add = 3953 , matches = 6357 { in_same_segment = 3947 , compute = 2387 }
INFO	 ==== insert StationSpeed into databases, count = 340, time = 54 ms
INFO	 ==== insert NodeSegmentSpeed into databases, count = 140 , time = 13 ms
SEVERE	''''''' wait time , sleep = 30.0 s 
INFO	==== set time is 2015-03-24 02:42:27 , equals configuration , count = 1
INFO	batch time : 2015-02-18 13:40:08.0----2015-02-18 13:35:07.0
INFO	all data size : 217695, one batch : 129892, 148099, distinct = 10103 , same = 8103
INFO	**** data size : user_data_pool -> 61372 , batch_data -> 10103
INFO	========= in one batch : new_add = 3800 , matches = 6303 { in_same_segment = 3938 , compute = 2345 }
INFO	 ==== insert StationSpeed into databases, count = 340, time = 25 ms
INFO	2015-02-18 13:40:00========== removed [25387] dead car !   using time = 0 s 
INFO	 ==== insert NodeSegmentSpeed into databases, count = 140 , time = 12 ms
SEVERE	''''''' wait time , sleep = 30.0 s 
INFO	==== set time is 2015-03-24 02:42:27 , equals configuration , count = 1
INFO	batch time : 2015-02-18 13:45:09.0----2015-02-18 13:40:08.0
INFO	all data size : 217695, one batch : 148099, 166080, distinct = 10056 , same = 7924
INFO	**** data size : user_data_pool -> 39785 , batch_data -> 10056
INFO	========= in one batch : new_add = 4527 , matches = 5529 { in_same_segment = 3353 , compute = 2155 }
INFO	 ==== insert StationSpeed into databases, count = 340, time = 53 ms
INFO	 ==== insert NodeSegmentSpeed into databases, count = 140 , time = 15 ms
SEVERE	''''''' wait time , sleep = 30.0 s 
INFO	==== set time is 2015-03-24 02:42:27 , equals configuration , count = 1
INFO	batch time : 2015-02-18 13:50:10.0----2015-02-18 13:45:09.0
INFO	all data size : 217695, one batch : 166080, 183302, distinct = 9821 , same = 7400
INFO	**** data size : user_data_pool -> 44312 , batch_data -> 9821
INFO	========= in one batch : new_add = 4254 , matches = 5567 { in_same_segment = 3444 , compute = 2095 }
INFO	 ==== insert StationSpeed into databases, count = 340, time = 26 ms
INFO	 ==== insert NodeSegmentSpeed into databases, count = 140 , time = 14 ms
SEVERE	''''''' wait time , sleep = 30.0 s 
INFO	==== set time is 2015-03-24 02:42:27 , equals configuration , count = 1
INFO	batch time : 2015-02-18 13:55:11.0----2015-02-18 13:50:10.0
INFO	all data size : 217695, one batch : 183302, 200673, distinct = 9789 , same = 7581
INFO	**** data size : user_data_pool -> 48566 , batch_data -> 9789
INFO	========= in one batch : new_add = 4056 , matches = 5733 { in_same_segment = 3543 , compute = 2155 }
INFO	 ==== insert StationSpeed into databases, count = 340, time = 37 ms
INFO	 ==== insert NodeSegmentSpeed into databases, count = 140 , time = 10 ms
SEVERE	''''''' wait time , sleep = 30.0 s 
INFO	==== set time is 2015-03-24 02:42:27 , equals configuration , count = 1
INFO	all data size : 217695, one batch : 200673, 217695, distinct = 9602 , same = 7419
INFO	**** data size : user_data_pool -> 52622 , batch_data -> 9602
INFO	========= in one batch : new_add = 3851 , matches = 5751 { in_same_segment = 3511 , compute = 2217 }
INFO	 ==== insert StationSpeed into databases, count = 340, time = 27 ms
INFO	 ==== insert NodeSegmentSpeed into databases, count = 140 , time = 17 ms
SEVERE	''''''' wait time , sleep = 30.0 s 
INFO	**** All batches have finished ... count : 12 , time = 202
INFO	==== begin to select history data : from 2015-02-18 14:00:00, to 2015-02-18 15:00:00
INFO	==== select has over, using time = 0 s 
INFO	==== traverse data structure has over : all-> 215243 , unused->0 , remaining -> 215243, time -> 192 s 
INFO	**** All batches begin to compute ... 
INFO	==== set time is 2015-03-24 02:42:27 , equals configuration , count = 1
INFO	batch time : 2015-02-18 14:05:01.0----2015-02-18 14:00:00.0
INFO	all data size : 215243, one batch : 0, 17564, distinct = 10119 , same = 7444
INFO	**** data size : user_data_pool -> 56473 , batch_data -> 10119
INFO	========= in one batch : new_add = 3972 , matches = 6147 { in_same_segment = 3861 , compute = 2259 }
INFO	 ==== insert StationSpeed into databases, count = 340, time = 43 ms
INFO	 ==== insert NodeSegmentSpeed into databases, count = 140 , time = 80 ms
SEVERE	''''''' wait time , sleep = 30.0 s 
INFO	==== set time is 2015-03-24 02:42:27 , equals configuration , count = 1
INFO	batch time : 2015-02-18 14:10:02.0----2015-02-18 14:05:01.0
INFO	all data size : 215243, one batch : 17564, 35284, distinct = 10122 , same = 7597
INFO	**** data size : user_data_pool -> 60445 , batch_data -> 10122
INFO	========= in one batch : new_add = 3943 , matches = 6179 { in_same_segment = 3883 , compute = 2259 }
INFO	 ==== insert StationSpeed into databases, count = 340, time = 42 ms
INFO	2015-02-18 14:10:00========== removed [25579] dead car !   using time = 0 s 
INFO	 ==== insert NodeSegmentSpeed into databases, count = 140 , time = 28 ms
SEVERE	''''''' wait time , sleep = 30.0 s 
INFO	==== set time is 2015-03-24 02:42:27 , equals configuration , count = 1
INFO	batch time : 2015-02-18 14:15:03.0----2015-02-18 14:10:02.0
INFO	all data size : 215243, one batch : 35284, 52700, distinct = 9870 , same = 7545
INFO	**** data size : user_data_pool -> 38809 , batch_data -> 9870
INFO	========= in one batch : new_add = 4433 , matches = 5437 { in_same_segment = 3299 , compute = 2112 }
INFO	 ==== insert StationSpeed into databases, count = 340, time = 110 ms
INFO	 ==== insert NodeSegmentSpeed into databases, count = 140 , time = 12 ms
SEVERE	''''''' wait time , sleep = 30.0 s 
INFO	==== set time is 2015-03-24 02:42:27 , equals configuration , count = 1
INFO	batch time : 2015-02-18 14:20:04.0----2015-02-18 14:15:03.0
INFO	all data size : 215243, one batch : 52700, 70199, distinct = 9952 , same = 7546
INFO	**** data size : user_data_pool -> 43242 , batch_data -> 9952
INFO	========= in one batch : new_add = 4275 , matches = 5677 { in_same_segment = 3571 , compute = 2082 }
INFO	 ==== insert StationSpeed into databases, count = 340, time = 17 ms
INFO	 ==== insert NodeSegmentSpeed into databases, count = 140 , time = 51 ms
SEVERE	''''''' wait time , sleep = 30.0 s 
INFO	==== set time is 2015-03-24 02:42:27 , equals configuration , count = 1
INFO	batch time : 2015-02-18 14:25:05.0----2015-02-18 14:20:04.0
INFO	all data size : 215243, one batch : 70199, 87719, distinct = 9770 , same = 7749
INFO	**** data size : user_data_pool -> 47517 , batch_data -> 9770
INFO	========= in one batch : new_add = 4073 , matches = 5697 { in_same_segment = 3602 , compute = 2065 }
INFO	 ==== insert StationSpeed into databases, count = 340, time = 30 ms
INFO	 ==== insert NodeSegmentSpeed into databases, count = 140 , time = 13 ms
SEVERE	''''''' wait time , sleep = 30.0 s 
INFO	==== set time is 2015-03-24 02:42:27 , equals configuration , count = 1
INFO	batch time : 2015-02-18 14:30:06.0----2015-02-18 14:25:05.0
INFO	all data size : 215243, one batch : 87719, 105492, distinct = 9734 , same = 8038
INFO	**** data size : user_data_pool -> 51590 , batch_data -> 9734
INFO	========= in one batch : new_add = 3828 , matches = 5906 { in_same_segment = 3754 , compute = 2132 }
INFO	 ==== insert StationSpeed into databases, count = 340, time = 20 ms
INFO	 ==== insert NodeSegmentSpeed into databases, count = 140 , time = 14 ms
SEVERE	''''''' wait time , sleep = 30.0 s 
INFO	==== set time is 2015-03-24 02:42:27 , equals configuration , count = 1
INFO	batch time : 2015-02-18 14:35:07.0----2015-02-18 14:30:06.0
INFO	all data size : 215243, one batch : 105492, 123839, distinct = 10274 , same = 8072
INFO	**** data size : user_data_pool -> 55418 , batch_data -> 10274
INFO	========= in one batch : new_add = 4024 , matches = 6250 { in_same_segment = 3987 , compute = 2243 }
INFO	 ==== insert StationSpeed into databases, count = 340, time = 14 ms
INFO	 ==== insert NodeSegmentSpeed into databases, count = 140 , time = 12 ms
SEVERE	''''''' wait time , sleep = 30.0 s 
INFO	==== set time is 2015-03-24 02:42:27 , equals configuration , count = 1
INFO	batch time : 2015-02-18 14:40:08.0----2015-02-18 14:35:07.0
INFO	all data size : 215243, one batch : 123839, 142461, distinct = 10310 , same = 8311
INFO	**** data size : user_data_pool -> 59442 , batch_data -> 10310
INFO	========= in one batch : new_add = 3915 , matches = 6395 { in_same_segment = 4195 , compute = 2170 }
INFO	 ==== insert StationSpeed into databases, count = 340, time = 83 ms
INFO	2015-02-18 14:40:00========== removed [24704] dead car !   using time = 0 s 
INFO	 ==== insert NodeSegmentSpeed into databases, count = 140 , time = 39 ms
SEVERE	''''''' wait time , sleep = 30.0 s 
INFO	==== set time is 2015-03-24 02:42:27 , equals configuration , count = 1
INFO	batch time : 2015-02-18 14:45:09.0----2015-02-18 14:40:08.0
INFO	all data size : 215243, one batch : 142461, 161417, distinct = 10278 , same = 8677
INFO	**** data size : user_data_pool -> 38653 , batch_data -> 10278
INFO	========= in one batch : new_add = 4699 , matches = 5579 { in_same_segment = 3614 , compute = 1937 }
INFO	 ==== insert StationSpeed into databases, count = 340, time = 19 ms
INFO	 ==== insert NodeSegmentSpeed into databases, count = 140 , time = 21 ms
SEVERE	''''''' wait time , sleep = 30.0 s 
INFO	==== set time is 2015-03-24 02:42:27 , equals configuration , count = 1
INFO	batch time : 2015-02-18 14:50:10.0----2015-02-18 14:45:09.0
INFO	all data size : 215243, one batch : 161417, 179863, distinct = 10136 , same = 8309
INFO	**** data size : user_data_pool -> 43352 , batch_data -> 10136
INFO	========= in one batch : new_add = 4267 , matches = 5869 { in_same_segment = 3822 , compute = 2026 }
INFO	 ==== insert StationSpeed into databases, count = 340, time = 29 ms
INFO	 ==== insert NodeSegmentSpeed into databases, count = 140 , time = 15 ms
SEVERE	''''''' wait time , sleep = 30.0 s 
INFO	==== set time is 2015-03-24 02:42:27 , equals configuration , count = 1
INFO	batch time : 2015-02-18 14:55:11.0----2015-02-18 14:50:10.0
INFO	all data size : 215243, one batch : 179863, 198173, distinct = 10058 , same = 8251
INFO	**** data size : user_data_pool -> 47619 , batch_data -> 10058
INFO	========= in one batch : new_add = 4130 , matches = 5928 { in_same_segment = 3894 , compute = 2014 }
INFO	 ==== insert StationSpeed into databases, count = 340, time = 16 ms
INFO	 ==== insert NodeSegmentSpeed into databases, count = 140 , time = 17 ms
SEVERE	''''''' wait time , sleep = 30.0 s 
INFO	==== set time is 2015-03-24 02:42:27 , equals configuration , count = 1
INFO	all data size : 215243, one batch : 198173, 215243, distinct = 9639 , same = 7430
INFO	**** data size : user_data_pool -> 51749 , batch_data -> 9639
INFO	========= in one batch : new_add = 3670 , matches = 5969 { in_same_segment = 3963 , compute = 1977 }
INFO	 ==== insert StationSpeed into databases, count = 340, time = 21 ms
INFO	 ==== insert NodeSegmentSpeed into databases, count = 140 , time = 14 ms
SEVERE	''''''' wait time , sleep = 30.0 s 
INFO	**** All batches have finished ... count : 12 , time = 201
INFO	==== begin to select history data : from 2015-02-18 15:00:00, to 2015-02-18 16:00:00
INFO	==== select has over, using time = 0 s 
INFO	==== traverse data structure has over : all-> 224844 , unused->0 , remaining -> 224844, time -> 193 s 
INFO	**** All batches begin to compute ... 
INFO	==== set time is 2015-03-24 02:42:27 , equals configuration , count = 1
INFO	batch time : 2015-02-18 15:05:01.0----2015-02-18 15:00:00.0
INFO	all data size : 224844, one batch : 0, 19183, distinct = 10346 , same = 8836
INFO	**** data size : user_data_pool -> 55419 , batch_data -> 10346
INFO	========= in one batch : new_add = 3973 , matches = 6373 { in_same_segment = 4261 , compute = 2089 }
INFO	 ==== insert StationSpeed into databases, count = 340, time = 87 ms
INFO	 ==== insert NodeSegmentSpeed into databases, count = 140 , time = 24 ms
SEVERE	''''''' wait time , sleep = 30.0 s 
INFO	==== set time is 2015-03-24 02:42:27 , equals configuration , count = 1
INFO	batch time : 2015-02-18 15:10:02.0----2015-02-18 15:05:01.0
INFO	all data size : 224844, one batch : 19183, 38164, distinct = 10200 , same = 8780
INFO	**** data size : user_data_pool -> 59392 , batch_data -> 10200
INFO	========= in one batch : new_add = 3773 , matches = 6427 { in_same_segment = 4345 , compute = 2063 }
INFO	 ==== insert StationSpeed into databases, count = 340, time = 49 ms
INFO	2015-02-18 15:10:00========== removed [23987] dead car !   using time = 0 s 
INFO	 ==== insert NodeSegmentSpeed into databases, count = 140 , time = 15 ms
SEVERE	''''''' wait time , sleep = 30.0 s 
INFO	==== set time is 2015-03-24 02:42:27 , equals configuration , count = 1
INFO	batch time : 2015-02-18 15:15:03.0----2015-02-18 15:10:02.0
INFO	all data size : 224844, one batch : 38164, 57083, distinct = 10119 , same = 8799
INFO	**** data size : user_data_pool -> 39178 , batch_data -> 10119
INFO	========= in one batch : new_add = 4565 , matches = 5554 { in_same_segment = 3725 , compute = 1808 }
INFO	 ==== insert StationSpeed into databases, count = 340, time = 30 ms
INFO	 ==== insert NodeSegmentSpeed into databases, count = 140 , time = 36 ms
SEVERE	''''''' wait time , sleep = 30.0 s 
INFO	==== set time is 2015-03-24 02:42:27 , equals configuration , count = 1
INFO	batch time : 2015-02-18 15:20:04.0----2015-02-18 15:15:03.0
INFO	all data size : 224844, one batch : 57083, 75906, distinct = 10253 , same = 8569
INFO	**** data size : user_data_pool -> 43743 , batch_data -> 10253
INFO	========= in one batch : new_add = 4334 , matches = 5919 { in_same_segment = 4001 , compute = 1890 }
INFO	 ==== insert StationSpeed into databases, count = 340, time = 33 ms
INFO	 ==== insert NodeSegmentSpeed into databases, count = 140 , time = 12 ms
SEVERE	''''''' wait time , sleep = 30.0 s 
INFO	==== set time is 2015-03-24 02:42:27 , equals configuration , count = 1
INFO	batch time : 2015-02-18 15:25:05.0----2015-02-18 15:20:04.0
INFO	all data size : 224844, one batch : 75906, 93978, distinct = 9819 , same = 8252
INFO	**** data size : user_data_pool -> 48077 , batch_data -> 9819
INFO	========= in one batch : new_add = 3959 , matches = 5860 { in_same_segment = 4018 , compute = 1818 }
INFO	 ==== insert StationSpeed into databases, count = 340, time = 43 ms
INFO	 ==== insert NodeSegmentSpeed into databases, count = 140 , time = 13 ms
SEVERE	''''''' wait time , sleep = 30.0 s 
INFO	==== set time is 2015-03-24 02:42:27 , equals configuration , count = 1
INFO	batch time : 2015-02-18 15:30:06.0----2015-02-18 15:25:05.0
INFO	all data size : 224844, one batch : 93978, 112325, distinct = 10079 , same = 8267
INFO	**** data size : user_data_pool -> 52036 , batch_data -> 10079
INFO	========= in one batch : new_add = 3755 , matches = 6324 { in_same_segment = 4368 , compute = 1926 }
INFO	 ==== insert StationSpeed into databases, count = 340, time = 48 ms
INFO	 ==== insert NodeSegmentSpeed into databases, count = 140 , time = 16 ms
SEVERE	''''''' wait time , sleep = 30.0 s 
INFO	==== set time is 2015-03-24 02:42:27 , equals configuration , count = 1
INFO	batch time : 2015-02-18 15:35:07.0----2015-02-18 15:30:06.0
INFO	all data size : 224844, one batch : 112325, 130961, distinct = 10076 , same = 8559
INFO	**** data size : user_data_pool -> 55791 , batch_data -> 10076
INFO	========= in one batch : new_add = 3732 , matches = 6344 { in_same_segment = 4380 , compute = 1938 }
INFO	 ==== insert StationSpeed into databases, count = 340, time = 60 ms
INFO	 ==== insert NodeSegmentSpeed into databases, count = 140 , time = 19 ms
SEVERE	''''''' wait time , sleep = 30.0 s 
INFO	==== set time is 2015-03-24 02:42:27 , equals configuration , count = 1
INFO	batch time : 2015-02-18 15:40:08.0----2015-02-18 15:35:07.0
INFO	all data size : 224844, one batch : 130961, 149261, distinct = 9889 , same = 8410
INFO	**** data size : user_data_pool -> 59523 , batch_data -> 9889
INFO	========= in one batch : new_add = 3445 , matches = 6444 { in_same_segment = 4600 , compute = 1826 }
INFO	 ==== insert StationSpeed into databases, count = 340, time = 57 ms
INFO	2015-02-18 15:40:00========== removed [24496] dead car !   using time = 0 s 
INFO	 ==== insert NodeSegmentSpeed into databases, count = 140 , time = 58 ms
SEVERE	''''''' wait time , sleep = 29.0 s 
INFO	==== set time is 2015-03-24 02:42:27 , equals configuration , count = 1
INFO	batch time : 2015-02-18 15:45:09.0----2015-02-18 15:40:08.0
INFO	all data size : 224844, one batch : 149261, 168359, distinct = 10001 , same = 9096
INFO	**** data size : user_data_pool -> 38472 , batch_data -> 10001
INFO	========= in one batch : new_add = 4494 , matches = 5507 { in_same_segment = 3947 , compute = 1541 }
INFO	 ==== insert StationSpeed into databases, count = 340, time = 22 ms
INFO	 ==== insert NodeSegmentSpeed into databases, count = 140 , time = 12 ms
SEVERE	''''''' wait time , sleep = 30.0 s 
INFO	==== set time is 2015-03-24 02:42:27 , equals configuration , count = 1
INFO	batch time : 2015-02-18 15:50:10.0----2015-02-18 15:45:09.0
INFO	all data size : 224844, one batch : 168359, 187165, distinct = 10003 , same = 8802
INFO	**** data size : user_data_pool -> 42966 , batch_data -> 10003
INFO	========= in one batch : new_add = 4286 , matches = 5717 { in_same_segment = 4041 , compute = 1658 }
INFO	 ==== insert StationSpeed into databases, count = 340, time = 45 ms
INFO	 ==== insert NodeSegmentSpeed into databases, count = 140 , time = 22 ms
SEVERE	''''''' wait time , sleep = 30.0 s 
INFO	==== set time is 2015-03-24 02:42:27 , equals configuration , count = 1
INFO	batch time : 2015-02-18 15:55:11.0----2015-02-18 15:50:10.0
INFO	all data size : 224844, one batch : 187165, 206425, distinct = 10409 , same = 8850
INFO	**** data size : user_data_pool -> 47252 , batch_data -> 10409
INFO	========= in one batch : new_add = 4241 , matches = 6168 { in_same_segment = 4421 , compute = 1729 }
INFO	 ==== insert StationSpeed into databases, count = 340, time = 43 ms
INFO	 ==== insert NodeSegmentSpeed into databases, count = 140 , time = 12 ms
SEVERE	''''''' wait time , sleep = 30.0 s 
INFO	==== set time is 2015-03-24 02:42:27 , equals configuration , count = 1
INFO	all data size : 224844, one batch : 206425, 224844, distinct = 9955 , same = 8463
INFO	**** data size : user_data_pool -> 51493 , batch_data -> 9955
INFO	========= in one batch : new_add = 3721 , matches = 6234 { in_same_segment = 4478 , compute = 1740 }
INFO	 ==== insert StationSpeed into databases, count = 340, time = 34 ms
INFO	 ==== insert NodeSegmentSpeed into databases, count = 140 , time = 13 ms
SEVERE	''''''' wait time , sleep = 30.0 s 
INFO	**** All batches have finished ... count : 12 , time = 203
INFO	==== begin to select history data : from 2015-02-18 16:00:00, to 2015-02-18 17:00:00
INFO	==== select has over, using time = 0 s 
INFO	==== traverse data structure has over : all-> 225441 , unused->0 , remaining -> 225441, time -> 203 s 
INFO	**** All batches begin to compute ... 
INFO	==== set time is 2015-03-24 02:42:27 , equals configuration , count = 1
INFO	batch time : 2015-02-18 16:05:01.0----2015-02-18 16:00:00.0
INFO	all data size : 225441, one batch : 0, 20282, distinct = 10743 , same = 9538
INFO	**** data size : user_data_pool -> 55214 , batch_data -> 10743
INFO	========= in one batch : new_add = 4056 , matches = 6687 { in_same_segment = 4822 , compute = 1846 }
INFO	 ==== insert StationSpeed into databases, count = 340, time = 27 ms
INFO	 ==== insert NodeSegmentSpeed into databases, count = 140 , time = 16 ms
SEVERE	''''''' wait time , sleep = 30.0 s 
INFO	==== set time is 2015-03-24 02:42:27 , equals configuration , count = 1
INFO	batch time : 2015-02-18 16:10:02.0----2015-02-18 16:05:01.0
INFO	all data size : 225441, one batch : 20282, 39220, distinct = 9847 , same = 9090
INFO	**** data size : user_data_pool -> 59270 , batch_data -> 9847
INFO	========= in one batch : new_add = 3374 , matches = 6473 { in_same_segment = 4761 , compute = 1694 }
INFO	 ==== insert StationSpeed into databases, count = 340, time = 31 ms
INFO	2015-02-18 16:10:00========== removed [23796] dead car !   using time = 0 s 
INFO	 ==== insert NodeSegmentSpeed into databases, count = 140 , time = 19 ms
SEVERE	''''''' wait time , sleep = 30.0 s 
INFO	==== set time is 2015-03-24 02:42:27 , equals configuration , count = 1
INFO	batch time : 2015-02-18 16:15:03.0----2015-02-18 16:10:02.0
INFO	all data size : 225441, one batch : 39220, 57629, distinct = 9663 , same = 8745
INFO	**** data size : user_data_pool -> 38848 , batch_data -> 9663
INFO	========= in one batch : new_add = 4226 , matches = 5437 { in_same_segment = 3949 , compute = 1469 }
INFO	 ==== insert StationSpeed into databases, count = 340, time = 34 ms
INFO	 ==== insert NodeSegmentSpeed into databases, count = 140 , time = 30 ms
SEVERE	''''''' wait time , sleep = 30.0 s 
INFO	==== set time is 2015-03-24 02:42:27 , equals configuration , count = 1
INFO	batch time : 2015-02-18 16:20:04.0----2015-02-18 16:15:03.0
INFO	all data size : 225441, one batch : 57629, 76207, distinct = 9780 , same = 8797
INFO	**** data size : user_data_pool -> 43074 , batch_data -> 9780
INFO	========= in one batch : new_add = 4021 , matches = 5759 { in_same_segment = 4206 , compute = 1528 }
INFO	 ==== insert StationSpeed into databases, count = 340, time = 24 ms
INFO	 ==== insert NodeSegmentSpeed into databases, count = 140 , time = 17 ms
SEVERE	''''''' wait time , sleep = 30.0 s 
INFO	==== set time is 2015-03-24 02:42:27 , equals configuration , count = 1
INFO	batch time : 2015-02-18 16:25:05.0----2015-02-18 16:20:04.0
INFO	all data size : 225441, one batch : 76207, 95277, distinct = 9860 , same = 9209
INFO	**** data size : user_data_pool -> 47095 , batch_data -> 9860
INFO	========= in one batch : new_add = 3921 , matches = 5939 { in_same_segment = 4442 , compute = 1477 }
INFO	 ==== insert StationSpeed into databases, count = 340, time = 36 ms
INFO	 ==== insert NodeSegmentSpeed into databases, count = 140 , time = 61 ms
SEVERE	''''''' wait time , sleep = 30.0 s 
INFO	==== set time is 2015-03-24 02:42:27 , equals configuration , count = 1
INFO	batch time : 2015-02-18 16:30:06.0----2015-02-18 16:25:05.0
INFO	all data size : 225441, one batch : 95277, 113795, distinct = 9867 , same = 8650
INFO	**** data size : user_data_pool -> 51016 , batch_data -> 9867
INFO	========= in one batch : new_add = 3748 , matches = 6119 { in_same_segment = 4505 , compute = 1585 }
INFO	 ==== insert StationSpeed into databases, count = 340, time = 23 ms
INFO	 ==== insert NodeSegmentSpeed into databases, count = 140 , time = 56 ms
SEVERE	''''''' wait time , sleep = 30.0 s 
INFO	==== set time is 2015-03-24 02:42:27 , equals configuration , count = 1
INFO	batch time : 2015-02-18 16:35:07.0----2015-02-18 16:30:06.0
INFO	all data size : 225441, one batch : 113795, 133435, distinct = 10457 , same = 9182
INFO	**** data size : user_data_pool -> 54764 , batch_data -> 10457
INFO	========= in one batch : new_add = 3859 , matches = 6598 { in_same_segment = 5048 , compute = 1522 }
INFO	 ==== insert StationSpeed into databases, count = 340, time = 31 ms
INFO	 ==== insert NodeSegmentSpeed into databases, count = 140 , time = 17 ms
SEVERE	''''''' wait time , sleep = 30.0 s 
INFO	==== set time is 2015-03-24 02:42:27 , equals configuration , count = 1
INFO	batch time : 2015-02-18 16:40:08.0----2015-02-18 16:35:07.0
INFO	all data size : 225441, one batch : 133435, 152253, distinct = 10230 , same = 8587
INFO	**** data size : user_data_pool -> 58623 , batch_data -> 10230
INFO	========= in one batch : new_add = 3526 , matches = 6704 { in_same_segment = 5120 , compute = 1559 }
INFO	 ==== insert StationSpeed into databases, count = 340, time = 32 ms
INFO	2015-02-18 16:40:00========== removed [24000] dead car !   using time = 0 s 
INFO	 ==== insert NodeSegmentSpeed into databases, count = 140 , time = 15 ms
SEVERE	''''''' wait time , sleep = 30.0 s 
INFO	==== set time is 2015-03-24 02:42:27 , equals configuration , count = 1
INFO	batch time : 2015-02-18 16:45:09.0----2015-02-18 16:40:08.0
INFO	all data size : 225441, one batch : 152253, 170918, distinct = 9859 , same = 8805
INFO	**** data size : user_data_pool -> 38149 , batch_data -> 9859
INFO	========= in one batch : new_add = 4210 , matches = 5649 { in_same_segment = 4324 , compute = 1303 }
INFO	 ==== insert StationSpeed into databases, count = 340, time = 26 ms
INFO	 ==== insert NodeSegmentSpeed into databases, count = 140 , time = 13 ms
SEVERE	''''''' wait time , sleep = 30.0 s 
INFO	==== set time is 2015-03-24 02:42:27 , equals configuration , count = 1
INFO	batch time : 2015-02-18 16:50:10.0----2015-02-18 16:45:09.0
INFO	all data size : 225441, one batch : 170918, 189085, distinct = 9556 , same = 8610
INFO	**** data size : user_data_pool -> 42359 , batch_data -> 9556
INFO	========= in one batch : new_add = 3901 , matches = 5655 { in_same_segment = 4317 , compute = 1320 }
INFO	 ==== insert StationSpeed into databases, count = 340, time = 16 ms
INFO	 ==== insert NodeSegmentSpeed into databases, count = 140 , time = 17 ms
SEVERE	''''''' wait time , sleep = 30.0 s 
INFO	==== set time is 2015-03-24 02:42:27 , equals configuration , count = 1
INFO	batch time : 2015-02-18 16:55:11.0----2015-02-18 16:50:10.0
INFO	all data size : 225441, one batch : 189085, 207657, distinct = 9739 , same = 8832
INFO	**** data size : user_data_pool -> 46260 , batch_data -> 9739
INFO	========= in one batch : new_add = 3766 , matches = 5973 { in_same_segment = 4622 , compute = 1334 }
INFO	 ==== insert StationSpeed into databases, count = 340, time = 40 ms
INFO	 ==== insert NodeSegmentSpeed into databases, count = 140 , time = 17 ms
SEVERE	''''''' wait time , sleep = 30.0 s 
INFO	==== set time is 2015-03-24 02:42:27 , equals configuration , count = 1
INFO	all data size : 225441, one batch : 207657, 225441, distinct = 8885 , same = 8898
INFO	**** data size : user_data_pool -> 50026 , batch_data -> 8885
INFO	========= in one batch : new_add = 3124 , matches = 5761 { in_same_segment = 4449 , compute = 1296 }
INFO	 ==== insert StationSpeed into databases, count = 340, time = 31 ms
INFO	 ==== insert NodeSegmentSpeed into databases, count = 140 , time = 12 ms
SEVERE	''''''' wait time , sleep = 30.0 s 
INFO	**** All batches have finished ... count : 12 , time = 213
INFO	==== begin to select history data : from 2015-02-18 17:00:00, to 2015-02-18 18:00:00
INFO	==== select has over, using time = 0 s 
INFO	==== traverse data structure has over : all-> 230455 , unused->0 , remaining -> 230455, time -> 193 s 
INFO	**** All batches begin to compute ... 
INFO	==== set time is 2015-03-24 02:42:27 , equals configuration , count = 1
INFO	batch time : 2015-02-18 17:05:01.0----2015-02-18 17:00:00.0
INFO	all data size : 230455, one batch : 0, 18234, distinct = 9245 , same = 8988
INFO	**** data size : user_data_pool -> 53150 , batch_data -> 9245
INFO	========= in one batch : new_add = 3292 , matches = 5953 { in_same_segment = 4634 , compute = 1296 }
INFO	 ==== insert StationSpeed into databases, count = 340, time = 59 ms
INFO	 ==== insert NodeSegmentSpeed into databases, count = 140 , time = 16 ms
SEVERE	''''''' wait time , sleep = 30.0 s 
INFO	==== set time is 2015-03-24 02:42:27 , equals configuration , count = 1
INFO	batch time : 2015-02-18 17:10:02.0----2015-02-18 17:05:01.0
INFO	all data size : 230455, one batch : 18234, 37126, distinct = 9377 , same = 9514
INFO	**** data size : user_data_pool -> 56442 , batch_data -> 9377
INFO	========= in one batch : new_add = 3219 , matches = 6158 { in_same_segment = 4824 , compute = 1314 }
INFO	 ==== insert StationSpeed into databases, count = 340, time = 26 ms
INFO	2015-02-18 17:10:00========== removed [23685] dead car !   using time = 0 s 
INFO	 ==== insert NodeSegmentSpeed into databases, count = 140 , time = 19 ms
SEVERE	''''''' wait time , sleep = 30.0 s 
INFO	==== set time is 2015-03-24 02:42:27 , equals configuration , count = 1
INFO	batch time : 2015-02-18 17:15:03.0----2015-02-18 17:10:02.0
INFO	all data size : 230455, one batch : 37126, 55754, distinct = 9425 , same = 9202
INFO	**** data size : user_data_pool -> 35976 , batch_data -> 9425
INFO	========= in one batch : new_add = 4064 , matches = 5361 { in_same_segment = 4196 , compute = 1142 }
INFO	 ==== insert StationSpeed into databases, count = 340, time = 51 ms
INFO	 ==== insert NodeSegmentSpeed into databases, count = 140 , time = 22 ms
SEVERE	''''''' wait time , sleep = 30.0 s 
INFO	==== set time is 2015-03-24 02:42:27 , equals configuration , count = 1
INFO	batch time : 2015-02-18 17:20:04.0----2015-02-18 17:15:03.0
INFO	all data size : 230455, one batch : 55754, 74175, distinct = 9406 , same = 9014
INFO	**** data size : user_data_pool -> 40040 , batch_data -> 9406
INFO	========= in one batch : new_add = 3900 , matches = 5506 { in_same_segment = 4284 , compute = 1207 }
INFO	 ==== insert StationSpeed into databases, count = 340, time = 22 ms
INFO	 ==== insert NodeSegmentSpeed into databases, count = 140 , time = 13 ms
SEVERE	''''''' wait time , sleep = 30.0 s 
INFO	==== set time is 2015-03-24 02:42:27 , equals configuration , count = 1
INFO	batch time : 2015-02-18 17:25:05.0----2015-02-18 17:20:04.0
INFO	all data size : 230455, one batch : 74175, 93111, distinct = 9547 , same = 9388
INFO	**** data size : user_data_pool -> 43940 , batch_data -> 9547
INFO	========= in one batch : new_add = 3786 , matches = 5761 { in_same_segment = 4571 , compute = 1180 }
INFO	 ==== insert StationSpeed into databases, count = 340, time = 17 ms
INFO	 ==== insert NodeSegmentSpeed into databases, count = 140 , time = 12 ms
SEVERE	''''''' wait time , sleep = 30.0 s 
INFO	==== set time is 2015-03-24 02:42:27 , equals configuration , count = 1
INFO	batch time : 2015-02-18 17:30:06.0----2015-02-18 17:25:05.0
INFO	all data size : 230455, one batch : 93111, 112921, distinct = 9878 , same = 9931
INFO	**** data size : user_data_pool -> 47726 , batch_data -> 9878
INFO	========= in one batch : new_add = 3724 , matches = 6154 { in_same_segment = 4890 , compute = 1237 }
INFO	 ==== insert StationSpeed into databases, count = 340, time = 26 ms
INFO	 ==== insert NodeSegmentSpeed into databases, count = 140 , time = 17 ms
SEVERE	''''''' wait time , sleep = 30.0 s 
INFO	==== set time is 2015-03-24 02:42:27 , equals configuration , count = 1
INFO	batch time : 2015-02-18 17:35:07.0----2015-02-18 17:30:06.0
INFO	all data size : 230455, one batch : 112921, 131899, distinct = 9432 , same = 9545
INFO	**** data size : user_data_pool -> 51450 , batch_data -> 9432
INFO	========= in one batch : new_add = 3382 , matches = 6050 { in_same_segment = 4820 , compute = 1213 }
INFO	 ==== insert StationSpeed into databases, count = 340, time = 27 ms
INFO	 ==== insert NodeSegmentSpeed into databases, count = 140 , time = 12 ms
SEVERE	''''''' wait time , sleep = 30.0 s 
INFO	==== set time is 2015-03-24 02:42:27 , equals configuration , count = 1
INFO	batch time : 2015-02-18 17:40:08.0----2015-02-18 17:35:07.0
INFO	all data size : 230455, one batch : 131899, 151025, distinct = 9840 , same = 9285
INFO	**** data size : user_data_pool -> 54832 , batch_data -> 9840
INFO	========= in one batch : new_add = 3471 , matches = 6369 { in_same_segment = 5122 , compute = 1228 }
INFO	 ==== insert StationSpeed into databases, count = 340, time = 15 ms
INFO	2015-02-18 17:40:00========== removed [21856] dead car !   using time = 0 s 
INFO	 ==== insert NodeSegmentSpeed into databases, count = 140 , time = 13 ms
SEVERE	''''''' wait time , sleep = 30.0 s 
INFO	==== set time is 2015-03-24 02:42:27 , equals configuration , count = 1
INFO	batch time : 2015-02-18 17:45:09.0----2015-02-18 17:40:08.0
INFO	all data size : 230455, one batch : 151025, 170773, distinct = 9856 , same = 9891
INFO	**** data size : user_data_pool -> 36447 , batch_data -> 9856
INFO	========= in one batch : new_add = 4358 , matches = 5498 { in_same_segment = 4483 , compute = 1000 }
INFO	 ==== insert StationSpeed into databases, count = 340, time = 24 ms
INFO	 ==== insert NodeSegmentSpeed into databases, count = 140 , time = 14 ms
SEVERE	''''''' wait time , sleep = 30.0 s 
INFO	==== set time is 2015-03-24 02:42:27 , equals configuration , count = 1
INFO	batch time : 2015-02-18 17:50:10.0----2015-02-18 17:45:09.0
INFO	all data size : 230455, one batch : 170773, 190806, distinct = 9923 , same = 10109
INFO	**** data size : user_data_pool -> 40805 , batch_data -> 9923
INFO	========= in one batch : new_add = 3995 , matches = 5928 { in_same_segment = 4710 , compute = 1202 }
INFO	 ==== insert StationSpeed into databases, count = 340, time = 96 ms
INFO	 ==== insert NodeSegmentSpeed into databases, count = 140 , time = 18 ms
SEVERE	''''''' wait time , sleep = 30.0 s 
INFO	==== set time is 2015-03-24 02:42:27 , equals configuration , count = 1
INFO	batch time : 2015-02-18 17:55:11.0----2015-02-18 17:50:10.0
INFO	all data size : 230455, one batch : 190806, 210784, distinct = 10165 , same = 9812
INFO	**** data size : user_data_pool -> 44800 , batch_data -> 10165
INFO	========= in one batch : new_add = 3937 , matches = 6228 { in_same_segment = 5009 , compute = 1200 }
INFO	 ==== insert StationSpeed into databases, count = 340, time = 17 ms
INFO	 ==== insert NodeSegmentSpeed into databases, count = 140 , time = 30 ms
SEVERE	''''''' wait time , sleep = 30.0 s 
INFO	==== set time is 2015-03-24 02:42:27 , equals configuration , count = 1
INFO	all data size : 230455, one batch : 210784, 230455, distinct = 9765 , same = 9905
INFO	**** data size : user_data_pool -> 48737 , batch_data -> 9765
INFO	========= in one batch : new_add = 3560 , matches = 6205 { in_same_segment = 4980 , compute = 1204 }
INFO	 ==== insert StationSpeed into databases, count = 340, time = 21 ms
INFO	 ==== insert NodeSegmentSpeed into databases, count = 140 , time = 18 ms
SEVERE	''''''' wait time , sleep = 30.0 s 
INFO	**** All batches have finished ... count : 12 , time = 202
